  BoostDI.cpp
  Builder.cpp
  Facets.cpp
C:\Users\strah\source\repos\DesignPatterns\DesignPatterns\PersonBuilder.h(8,10): error C3646: 'p': unknown override specifier
C:\Users\strah\source\repos\DesignPatterns\DesignPatterns\PersonBuilder.h(8,10): error C4430: missing type specifier - int assumed. Note: C++ does not support default-int
C:\Users\strah\source\repos\DesignPatterns\DesignPatterns\PersonBuilder.h(11,8): error C2143: syntax error: missing ';' before '&'
C:\Users\strah\source\repos\DesignPatterns\DesignPatterns\PersonBuilder.h(11,8): error C4430: missing type specifier - int assumed. Note: C++ does not support default-int
C:\Users\strah\source\repos\DesignPatterns\DesignPatterns\PersonBuilder.h(11,16): error C2238: unexpected token(s) preceding ';'
C:\Users\strah\source\repos\DesignPatterns\DesignPatterns\PersonBuilder.h(13,3): error C2061: syntax error: identifier 'Person'
C:\Users\strah\source\repos\DesignPatterns\DesignPatterns\PersonBuilder.h(19,18): error C2535: 'PersonBuilder::PersonBuilder(void)': member function already defined or declared
C:\Users\strah\source\repos\DesignPatterns\DesignPatterns\PersonBuilder.h(13): message : see declaration of 'PersonBuilder::PersonBuilder'
C:\Users\strah\source\repos\DesignPatterns\DesignPatterns\PersonBuilder.h(21,17): error C2833: 'operator Person' is not a recognized operator or type
C:\Users\strah\source\repos\DesignPatterns\DesignPatterns\PersonBuilder.h(21,17): error C2059: syntax error: 'newline'
C:\Users\strah\source\repos\DesignPatterns\DesignPatterns\PersonBuilder.h(22,2): error C2334: unexpected token(s) preceding '{'; skipping apparent function body
C:\Users\strah\source\repos\DesignPatterns\DesignPatterns\PersonBuilder.h(14,13): error C2065: 'person': undeclared identifier
C:\Users\strah\source\repos\DesignPatterns\DesignPatterns\PersonBuilder.h(14,5): error C2614: 'PersonBuilder': illegal member initialization: 'person' is not a base or member
C:\Users\strah\source\repos\DesignPatterns\DesignPatterns\PersonBuilder.h(19,28): error C2065: 'p': undeclared identifier
C:\Users\strah\source\repos\DesignPatterns\DesignPatterns\PersonBuilder.h(19,20): error C2614: 'PersonBuilder': illegal member initialization: 'person' is not a base or member
C:\Users\strah\source\repos\DesignPatterns\DesignPatterns\PersonAddressBuilder.h(10,3): error C2061: syntax error: identifier 'Person'
C:\Users\strah\source\repos\DesignPatterns\DesignPatterns\PersonAddressBuilder.h(11,20): error C2065: 'person': undeclared identifier
C:\Users\strah\source\repos\DesignPatterns\DesignPatterns\PersonAddressBuilder.h(17,3): error C2065: 'person': undeclared identifier
C:\Users\strah\source\repos\DesignPatterns\DesignPatterns\PersonAddressBuilder.h(23,3): error C2065: 'person': undeclared identifier
C:\Users\strah\source\repos\DesignPatterns\DesignPatterns\PersonAddressBuilder.h(29,3): error C2065: 'person': undeclared identifier
C:\Users\strah\source\repos\DesignPatterns\DesignPatterns\PersonJobBuilder.h(14,18): error C2664: 'PersonBuilder::PersonBuilder(PersonBuilder &&)': cannot convert argument 1 from 'Person' to 'const PersonBuilder &'
C:\Users\strah\source\repos\DesignPatterns\DesignPatterns\PersonJobBuilder.h(15,1): message : Reason: cannot convert from 'Person' to 'const PersonBuilder'
C:\Users\strah\source\repos\DesignPatterns\DesignPatterns\PersonJobBuilder.h(14,20): message : No user-defined-conversion operator available that can perform this conversion, or the operator cannot be called
C:\Users\strah\source\repos\DesignPatterns\DesignPatterns\PersonBuilder.h(29,1): message : see declaration of 'PersonBuilder::PersonBuilder'
C:\Users\strah\source\repos\DesignPatterns\DesignPatterns\PersonJobBuilder.h(20,3): error C2065: 'person': undeclared identifier
C:\Users\strah\source\repos\DesignPatterns\DesignPatterns\PersonJobBuilder.h(26,3): error C2065: 'person': undeclared identifier
C:\Users\strah\source\repos\DesignPatterns\DesignPatterns\PersonJobBuilder.h(32,3): error C2065: 'person': undeclared identifier
C:\Users\strah\source\repos\DesignPatterns\DesignPatterns\Facets.cpp(17,56): warning C4244: 'argument': conversion from 'double' to 'int', possible loss of data
C:\Users\strah\source\repos\DesignPatterns\DesignPatterns\Facets.cpp(15,11): error C2440: 'initializing': cannot convert from 'PersonJobBuilder::Self' to 'Person'
  GroovyStyle.cpp
  InterfaceSegregationPrinciple.cpp
  LiskovSubstitutionPrinciple.cpp
  MaybeMonad.cpp
  OpenClosedPrinciple.cpp
  Person.cpp
C:\Users\strah\source\repos\DesignPatterns\DesignPatterns\Facets.cpp(15,11): message : No user-defined-conversion operator available that can perform this conversion, or the operator cannot be called
C:\Users\strah\source\repos\DesignPatterns\DesignPatterns\PersonBuilder.h(8,10): error C3646: 'p': unknown override specifier
C:\Users\strah\source\repos\DesignPatterns\DesignPatterns\PersonBuilder.h(8,10): error C4430: missing type specifier - int assumed. Note: C++ does not support default-int
C:\Users\strah\source\repos\DesignPatterns\DesignPatterns\PersonBuilder.h(11,8): error C2143: syntax error: missing ';' before '&'
C:\Users\strah\source\repos\DesignPatterns\DesignPatterns\PersonBuilder.h(11,8): error C4430: missing type specifier - int assumed. Note: C++ does not support default-int
C:\Users\strah\source\repos\DesignPatterns\DesignPatterns\PersonBuilder.h(11,16): error C2238: unexpected token(s) preceding ';'
C:\Users\strah\source\repos\DesignPatterns\DesignPatterns\PersonBuilder.h(13,3): error C2061: syntax error: identifier 'Person'
C:\Users\strah\source\repos\DesignPatterns\DesignPatterns\PersonBuilder.h(19,18): error C2535: 'PersonBuilder::PersonBuilder(void)': member function already defined or declared
C:\Users\strah\source\repos\DesignPatterns\DesignPatterns\PersonBuilder.h(13): message : see declaration of 'PersonBuilder::PersonBuilder'
C:\Users\strah\source\repos\DesignPatterns\DesignPatterns\PersonBuilder.h(21,17): error C2833: 'operator Person' is not a recognized operator or type
C:\Users\strah\source\repos\DesignPatterns\DesignPatterns\PersonBuilder.h(21,17): error C2059: syntax error: 'newline'
C:\Users\strah\source\repos\DesignPatterns\DesignPatterns\PersonBuilder.h(22,2): error C2334: unexpected token(s) preceding '{'; skipping apparent function body
C:\Users\strah\source\repos\DesignPatterns\DesignPatterns\PersonBuilder.h(14,13): error C2065: 'person': undeclared identifier
C:\Users\strah\source\repos\DesignPatterns\DesignPatterns\PersonBuilder.h(14,5): error C2614: 'PersonBuilder': illegal member initialization: 'person' is not a base or member
C:\Users\strah\source\repos\DesignPatterns\DesignPatterns\PersonBuilder.h(19,28): error C2065: 'p': undeclared identifier
C:\Users\strah\source\repos\DesignPatterns\DesignPatterns\PersonBuilder.h(19,20): error C2614: 'PersonBuilder': illegal member initialization: 'person' is not a base or member
C:\Users\strah\source\repos\DesignPatterns\DesignPatterns\PersonAddressBuilder.h(10,3): error C2061: syntax error: identifier 'Person'
C:\Users\strah\source\repos\DesignPatterns\DesignPatterns\PersonAddressBuilder.h(11,20): error C2065: 'person': undeclared identifier
C:\Users\strah\source\repos\DesignPatterns\DesignPatterns\PersonAddressBuilder.h(17,3): error C2065: 'person': undeclared identifier
C:\Users\strah\source\repos\DesignPatterns\DesignPatterns\PersonAddressBuilder.h(23,3): error C2065: 'person': undeclared identifier
C:\Users\strah\source\repos\DesignPatterns\DesignPatterns\PersonAddressBuilder.h(29,3): error C2065: 'person': undeclared identifier
C:\Users\strah\source\repos\DesignPatterns\DesignPatterns\PersonJobBuilder.h(14,18): error C2664: 'PersonBuilder::PersonBuilder(PersonBuilder &&)': cannot convert argument 1 from 'Person' to 'const PersonBuilder &'
C:\Users\strah\source\repos\DesignPatterns\DesignPatterns\PersonJobBuilder.h(15,1): message : Reason: cannot convert from 'Person' to 'const PersonBuilder'
C:\Users\strah\source\repos\DesignPatterns\DesignPatterns\PersonJobBuilder.h(14,20): message : No user-defined-conversion operator available that can perform this conversion, or the operator cannot be called
C:\Users\strah\source\repos\DesignPatterns\DesignPatterns\PersonBuilder.h(29,1): message : see declaration of 'PersonBuilder::PersonBuilder'
C:\Users\strah\source\repos\DesignPatterns\DesignPatterns\PersonJobBuilder.h(20,3): error C2065: 'person': undeclared identifier
C:\Users\strah\source\repos\DesignPatterns\DesignPatterns\PersonJobBuilder.h(26,3): error C2065: 'person': undeclared identifier
C:\Users\strah\source\repos\DesignPatterns\DesignPatterns\PersonJobBuilder.h(32,3): error C2065: 'person': undeclared identifier
  PersonBuilder.cpp
C:\Users\strah\source\repos\DesignPatterns\DesignPatterns\Person.h(50,4): error C2676: binary '<<': 'std::ostream' does not define this operator or a conversion to a type acceptable to the predefined operator
C:\Users\strah\source\repos\DesignPatterns\DesignPatterns\PersonBuilder.h(8,10): error C3646: 'p': unknown override specifier
C:\Users\strah\source\repos\DesignPatterns\DesignPatterns\PersonBuilder.h(8,10): error C4430: missing type specifier - int assumed. Note: C++ does not support default-int
C:\Users\strah\source\repos\DesignPatterns\DesignPatterns\PersonBuilder.h(11,8): error C2143: syntax error: missing ';' before '&'
C:\Users\strah\source\repos\DesignPatterns\DesignPatterns\PersonBuilder.h(11,8): error C4430: missing type specifier - int assumed. Note: C++ does not support default-int
C:\Users\strah\source\repos\DesignPatterns\DesignPatterns\PersonBuilder.h(11,16): error C2238: unexpected token(s) preceding ';'
C:\Users\strah\source\repos\DesignPatterns\DesignPatterns\PersonBuilder.h(13,3): error C2061: syntax error: identifier 'Person'
C:\Users\strah\source\repos\DesignPatterns\DesignPatterns\PersonBuilder.h(19,18): error C2535: 'PersonBuilder::PersonBuilder(void)': member function already defined or declared
C:\Users\strah\source\repos\DesignPatterns\DesignPatterns\PersonBuilder.h(13): message : see declaration of 'PersonBuilder::PersonBuilder'
C:\Users\strah\source\repos\DesignPatterns\DesignPatterns\PersonBuilder.h(21,17): error C2833: 'operator Person' is not a recognized operator or type
C:\Users\strah\source\repos\DesignPatterns\DesignPatterns\PersonBuilder.h(21,17): error C2059: syntax error: 'newline'
C:\Users\strah\source\repos\DesignPatterns\DesignPatterns\PersonBuilder.h(22,2): error C2334: unexpected token(s) preceding '{'; skipping apparent function body
C:\Users\strah\source\repos\DesignPatterns\DesignPatterns\PersonBuilder.h(14,13): error C2065: 'person': undeclared identifier
C:\Users\strah\source\repos\DesignPatterns\DesignPatterns\PersonBuilder.h(14,5): error C2614: 'PersonBuilder': illegal member initialization: 'person' is not a base or member
C:\Users\strah\source\repos\DesignPatterns\DesignPatterns\PersonBuilder.h(19,28): error C2065: 'p': undeclared identifier
C:\Users\strah\source\repos\DesignPatterns\DesignPatterns\PersonBuilder.h(19,20): error C2614: 'PersonBuilder': illegal member initialization: 'person' is not a base or member
C:\Users\strah\source\repos\DesignPatterns\DesignPatterns\PersonJobBuilder.h(14,18): error C2664: 'PersonBuilder::PersonBuilder(PersonBuilder &&)': cannot convert argument 1 from 'Person' to 'const PersonBuilder &'
C:\Users\strah\source\repos\DesignPatterns\DesignPatterns\PersonJobBuilder.h(15,1): message : Reason: cannot convert from 'Person' to 'const PersonBuilder'
C:\Users\strah\source\repos\DesignPatterns\DesignPatterns\PersonJobBuilder.h(14,20): message : No user-defined-conversion operator available that can perform this conversion, or the operator cannot be called
C:\Users\strah\source\repos\DesignPatterns\DesignPatterns\PersonBuilder.h(29,1): message : see declaration of 'PersonBuilder::PersonBuilder'
C:\Users\strah\source\repos\DesignPatterns\DesignPatterns\PersonJobBuilder.h(20,3): error C2065: 'person': undeclared identifier
C:\Users\strah\source\repos\DesignPatterns\DesignPatterns\PersonJobBuilder.h(26,3): error C2065: 'person': undeclared identifier
C:\Users\strah\source\repos\DesignPatterns\DesignPatterns\PersonJobBuilder.h(32,3): error C2065: 'person': undeclared identifier
C:\Users\strah\source\repos\DesignPatterns\DesignPatterns\PersonAddressBuilder.h(11,18): error C2664: 'PersonBuilder::PersonBuilder(PersonBuilder &&)': cannot convert argument 1 from 'Person' to 'const PersonBuilder &'
C:\Users\strah\source\repos\DesignPatterns\DesignPatterns\PersonAddressBuilder.h(12,1): message : Reason: cannot convert from 'Person' to 'const PersonBuilder'
C:\Users\strah\source\repos\DesignPatterns\DesignPatterns\PersonAddressBuilder.h(11,20): message : No user-defined-conversion operator available that can perform this conversion, or the operator cannot be called
C:\Users\strah\source\repos\DesignPatterns\DesignPatterns\PersonBuilder.h(29,1): message : see declaration of 'PersonBuilder::PersonBuilder'
C:\Users\strah\source\repos\DesignPatterns\DesignPatterns\PersonAddressBuilder.h(17,3): error C2065: 'person': undeclared identifier
C:\Users\strah\source\repos\DesignPatterns\DesignPatterns\PersonAddressBuilder.h(23,3): error C2065: 'person': undeclared identifier
C:\Users\strah\source\repos\DesignPatterns\DesignPatterns\PersonAddressBuilder.h(29,3): error C2065: 'person': undeclared identifier
C:\Users\strah\source\repos\DesignPatterns\DesignPatterns\PersonBuilder.cpp(8,31): error C2065: 'person': undeclared identifier
  SingleResponsibilityPrinciple.cpp
  Generating Code...
C:\Users\strah\source\repos\DesignPatterns\DesignPatterns\PersonBuilder.cpp(13,27): error C2065: 'person': undeclared identifier
