C:\Program Files (x86)\Microsoft Visual Studio\2019\Community\MSBuild\Microsoft\VC\v160\Microsoft.CppBuild.targets(452,5): warning MSB8028: The intermediate directory (Debug\) contains files shared from another project (DesignPatterns.vcxproj).  This can lead to incorrect clean and rebuild behavior.
  Facets.cpp
C:\Users\strah\source\repos\DesignPatterns\Builder\DesignPatterns\PersonJobBuilder.h(5,1): error C2504: 'PersonBuilder': base class undefined
C:\Users\strah\source\repos\DesignPatterns\Builder\DesignPatterns\PersonJobBuilder.h(9,3): error C2061: syntax error: identifier 'Person'
C:\Users\strah\source\repos\DesignPatterns\Builder\DesignPatterns\PersonJobBuilder.h(10,20): error C2065: 'person': undeclared identifier
C:\Users\strah\source\repos\DesignPatterns\Builder\DesignPatterns\PersonJobBuilder.h(10,5): error C2614: 'PersonJobBuilder': illegal member initialization: 'PersonBuilder' is not a base or member
C:\Users\strah\source\repos\DesignPatterns\Builder\DesignPatterns\PersonJobBuilder.h(16,3): error C2065: 'person': undeclared identifier
C:\Users\strah\source\repos\DesignPatterns\Builder\DesignPatterns\PersonJobBuilder.h(22,3): error C2065: 'person': undeclared identifier
C:\Users\strah\source\repos\DesignPatterns\Builder\DesignPatterns\PersonJobBuilder.h(28,3): error C2065: 'person': undeclared identifier
C:\Users\strah\source\repos\DesignPatterns\Builder\DesignPatterns\Facets.cpp(14,56): warning C4244: 'argument': conversion from 'double' to 'int', possible loss of data
C:\Users\strah\source\repos\DesignPatterns\Builder\DesignPatterns\Facets.cpp(12,11): error C2440: 'initializing': cannot convert from 'PersonJobBuilder::Self' to 'Person'
  GroovyStyle.cpp
  Person.cpp
C:\Users\strah\source\repos\DesignPatterns\Builder\DesignPatterns\Facets.cpp(12,11): message : No user-defined-conversion operator available that can perform this conversion, or the operator cannot be called
C:\Users\strah\source\repos\DesignPatterns\Builder\DesignPatterns\PersonBuilder.h(10,10): error C3646: 'p': unknown override specifier
C:\Users\strah\source\repos\DesignPatterns\Builder\DesignPatterns\PersonBuilder.h(10,10): error C4430: missing type specifier - int assumed. Note: C++ does not support default-int
C:\Users\strah\source\repos\DesignPatterns\Builder\DesignPatterns\PersonBuilder.h(13,8): error C2143: syntax error: missing ';' before '&'
C:\Users\strah\source\repos\DesignPatterns\Builder\DesignPatterns\PersonBuilder.h(13,8): error C4430: missing type specifier - int assumed. Note: C++ does not support default-int
C:\Users\strah\source\repos\DesignPatterns\Builder\DesignPatterns\PersonBuilder.h(13,16): error C2238: unexpected token(s) preceding ';'
C:\Users\strah\source\repos\DesignPatterns\Builder\DesignPatterns\PersonBuilder.h(15,3): error C2061: syntax error: identifier 'Person'
C:\Users\strah\source\repos\DesignPatterns\Builder\DesignPatterns\PersonBuilder.h(21,18): error C2535: 'PersonBuilder::PersonBuilder(void)': member function already defined or declared
C:\Users\strah\source\repos\DesignPatterns\Builder\DesignPatterns\PersonBuilder.h(15): message : see declaration of 'PersonBuilder::PersonBuilder'
C:\Users\strah\source\repos\DesignPatterns\Builder\DesignPatterns\PersonBuilder.h(23,17): error C2833: 'operator Person' is not a recognized operator or type
C:\Users\strah\source\repos\DesignPatterns\Builder\DesignPatterns\PersonBuilder.h(23,17): error C2059: syntax error: 'newline'
C:\Users\strah\source\repos\DesignPatterns\Builder\DesignPatterns\PersonBuilder.h(24,2): error C2334: unexpected token(s) preceding '{'; skipping apparent function body
C:\Users\strah\source\repos\DesignPatterns\Builder\DesignPatterns\PersonBuilder.h(16,13): error C2065: 'person': undeclared identifier
C:\Users\strah\source\repos\DesignPatterns\Builder\DesignPatterns\PersonBuilder.h(16,5): error C2614: 'PersonBuilder': illegal member initialization: 'person' is not a base or member
C:\Users\strah\source\repos\DesignPatterns\Builder\DesignPatterns\PersonBuilder.h(21,28): error C2065: 'p': undeclared identifier
C:\Users\strah\source\repos\DesignPatterns\Builder\DesignPatterns\PersonBuilder.h(21,20): error C2614: 'PersonBuilder': illegal member initialization: 'person' is not a base or member
C:\Users\strah\source\repos\DesignPatterns\Builder\DesignPatterns\PersonAddressBuilder.h(9,3): error C2061: syntax error: identifier 'Person'
C:\Users\strah\source\repos\DesignPatterns\Builder\DesignPatterns\PersonAddressBuilder.h(10,20): error C2065: 'person': undeclared identifier
C:\Users\strah\source\repos\DesignPatterns\Builder\DesignPatterns\PersonAddressBuilder.h(16,3): error C2065: 'person': undeclared identifier
C:\Users\strah\source\repos\DesignPatterns\Builder\DesignPatterns\PersonAddressBuilder.h(22,3): error C2065: 'person': undeclared identifier
C:\Users\strah\source\repos\DesignPatterns\Builder\DesignPatterns\PersonAddressBuilder.h(28,3): error C2065: 'person': undeclared identifier
C:\Users\strah\source\repos\DesignPatterns\Builder\DesignPatterns\PersonJobBuilder.h(9,3): error C2061: syntax error: identifier 'Person'
C:\Users\strah\source\repos\DesignPatterns\Builder\DesignPatterns\PersonJobBuilder.h(10,20): error C2065: 'person': undeclared identifier
C:\Users\strah\source\repos\DesignPatterns\Builder\DesignPatterns\PersonJobBuilder.h(16,3): error C2065: 'person': undeclared identifier
C:\Users\strah\source\repos\DesignPatterns\Builder\DesignPatterns\PersonJobBuilder.h(22,3): error C2065: 'person': undeclared identifier
C:\Users\strah\source\repos\DesignPatterns\Builder\DesignPatterns\PersonJobBuilder.h(28,3): error C2065: 'person': undeclared identifier
  PersonBuilder.cpp
C:\Users\strah\source\repos\DesignPatterns\Builder\DesignPatterns\Person.h(50,4): error C2676: binary '<<': 'std::ostream' does not define this operator or a conversion to a type acceptable to the predefined operator
C:\Users\strah\source\repos\DesignPatterns\Builder\DesignPatterns\PersonAddressBuilder.h(5,1): error C2504: 'PersonBuilder': base class undefined
C:\Users\strah\source\repos\DesignPatterns\Builder\DesignPatterns\PersonAddressBuilder.h(9,3): error C2061: syntax error: identifier 'Person'
C:\Users\strah\source\repos\DesignPatterns\Builder\DesignPatterns\PersonAddressBuilder.h(10,20): error C2065: 'person': undeclared identifier
C:\Users\strah\source\repos\DesignPatterns\Builder\DesignPatterns\PersonAddressBuilder.h(10,5): error C2614: 'PersonAddressBuilder': illegal member initialization: 'PersonBuilder' is not a base or member
C:\Users\strah\source\repos\DesignPatterns\Builder\DesignPatterns\PersonAddressBuilder.h(16,3): error C2065: 'person': undeclared identifier
C:\Users\strah\source\repos\DesignPatterns\Builder\DesignPatterns\PersonAddressBuilder.h(22,3): error C2065: 'person': undeclared identifier
C:\Users\strah\source\repos\DesignPatterns\Builder\DesignPatterns\PersonAddressBuilder.h(28,3): error C2065: 'person': undeclared identifier
C:\Users\strah\source\repos\DesignPatterns\Builder\DesignPatterns\PersonJobBuilder.h(5,1): error C2504: 'PersonBuilder': base class undefined
C:\Users\strah\source\repos\DesignPatterns\Builder\DesignPatterns\PersonJobBuilder.h(9,3): error C2061: syntax error: identifier 'Person'
C:\Users\strah\source\repos\DesignPatterns\Builder\DesignPatterns\PersonJobBuilder.h(10,20): error C2065: 'person': undeclared identifier
C:\Users\strah\source\repos\DesignPatterns\Builder\DesignPatterns\PersonJobBuilder.h(10,5): error C2614: 'PersonJobBuilder': illegal member initialization: 'PersonBuilder' is not a base or member
C:\Users\strah\source\repos\DesignPatterns\Builder\DesignPatterns\PersonJobBuilder.h(16,3): error C2065: 'person': undeclared identifier
C:\Users\strah\source\repos\DesignPatterns\Builder\DesignPatterns\PersonJobBuilder.h(22,3): error C2065: 'person': undeclared identifier
C:\Users\strah\source\repos\DesignPatterns\Builder\DesignPatterns\PersonJobBuilder.h(28,3): error C2065: 'person': undeclared identifier
C:\Users\strah\source\repos\DesignPatterns\Builder\DesignPatterns\Person.h(50,4): error C2676: binary '<<': 'std::ostream' does not define this operator or a conversion to a type acceptable to the predefined operator
C:\Users\strah\source\repos\DesignPatterns\Builder\DesignPatterns\PersonBuilder.cpp(8,38): error C2440: '<function-style-cast>': cannot convert from 'initializer list' to 'PersonAddressBuilder'
C:\Users\strah\source\repos\DesignPatterns\Builder\DesignPatterns\PersonBuilder.cpp(8,38): message : No constructor could take the source type, or constructor overload resolution was ambiguous
C:\Users\strah\source\repos\DesignPatterns\Builder\DesignPatterns\PersonBuilder.cpp(13,34): error C2440: '<function-style-cast>': cannot convert from 'initializer list' to 'PersonJobBuilder'
  SingleResponsibilityPrinciple.cpp
  Generating Code...
C:\Users\strah\source\repos\DesignPatterns\Builder\DesignPatterns\PersonBuilder.cpp(13,34): message : No constructor could take the source type, or constructor overload resolution was ambiguous
