c:\users\strah\source\repos\designpatterns\prototype\prototype\prototype\debug\vc142.pdb
c:\users\strah\source\repos\designpatterns\prototype\prototype\prototype\debug\vc142.idb
c:\users\strah\source\repos\designpatterns\prototype\prototype\prototype\debug\serialization.obj
c:\users\strah\source\repos\designpatterns\prototype\prototype\prototype\debug\prototype.obj
c:\users\strah\source\repos\designpatterns\prototype\prototype\debug\prototype.lib
c:\users\strah\source\repos\designpatterns\prototype\prototype\debug\prototype.exp
c:\users\strah\source\repos\designpatterns\prototype\prototype\debug\prototype.pdb
c:\users\strah\source\repos\designpatterns\prototype\prototype\prototype\debug\prototype.tlog\cl.command.1.tlog
c:\users\strah\source\repos\designpatterns\prototype\prototype\prototype\debug\prototype.tlog\cl.read.1.tlog
c:\users\strah\source\repos\designpatterns\prototype\prototype\prototype\debug\prototype.tlog\cl.write.1.tlog
c:\users\strah\source\repos\designpatterns\prototype\prototype\prototype\debug\prototype.tlog\link.960-cvtres.read.1.tlog
c:\users\strah\source\repos\designpatterns\prototype\prototype\prototype\debug\prototype.tlog\link.960-cvtres.write.1.tlog
c:\users\strah\source\repos\designpatterns\prototype\prototype\prototype\debug\prototype.tlog\link.960-rc.read.1.tlog
c:\users\strah\source\repos\designpatterns\prototype\prototype\prototype\debug\prototype.tlog\link.960-rc.write.1.tlog
c:\users\strah\source\repos\designpatterns\prototype\prototype\prototype\debug\prototype.tlog\link.960.delete.1.tlog
c:\users\strah\source\repos\designpatterns\prototype\prototype\prototype\debug\prototype.tlog\link.960.read.1.tlog
c:\users\strah\source\repos\designpatterns\prototype\prototype\prototype\debug\prototype.tlog\link.960.write.1.tlog
c:\users\strah\source\repos\designpatterns\prototype\prototype\prototype\debug\prototype.tlog\link.command.1.tlog
c:\users\strah\source\repos\designpatterns\prototype\prototype\prototype\debug\prototype.tlog\link.read.1.tlog
c:\users\strah\source\repos\designpatterns\prototype\prototype\prototype\debug\prototype.tlog\link.write.1.tlog
c:\users\strah\source\repos\designpatterns\prototype\prototype\prototype\debug\prototype.tlog\prototype.write.1u.tlog
